<?xml version="1.0" encoding="UTF-8"?>
<!-- Generated by org.testng.reporters.JUnitReportReporter -->
<testsuite skipped="0" hostname="Sachin-ClosedBox" name="com.crm.qa.testcases.LogInPageTest" tests="1" failures="0" timestamp="2019-11-04T17:24:26 IST" time="35.545" errors="0">
  <testcase name="logInTest" time="35.545" classname="com.crm.qa.testcases.LogInPageTest"/>
</testsuite> <!-- com.crm.qa.testcases.LogInPageTest -->
